Start testing: Oct 15 19:14 EDT
----------------------------------------------------------
1/1 Testing: IOUtils.CanReadSimpleSTL
1/1 Test: IOUtils.CanReadSimpleSTL
Command: "/Users/aghorban/code/multiblock/build/tests/multiblock_tests" "--gtest_filter=IOUtils.CanReadSimpleSTL" "--gtest_also_run_disabled_tests"
Directory: /Users/aghorban/code/multiblock/build/tests
"IOUtils.CanReadSimpleSTL" start time: Oct 15 19:14 EDT
Output:
----------------------------------------------------------
Running main() from /Users/runner/miniforge3/conda-bld/gtest-split_1748319995326/work/googletest/src/gtest_main.cc
Note: Google Test filter = IOUtils.CanReadSimpleSTL
[==========] Running 1 test from 1 test suite.
[----------] Global test environment set-up.
[----------] 1 test from IOUtils
[ RUN      ] IOUtils.CanReadSimpleSTL
[       OK ] IOUtils.CanReadSimpleSTL (2 ms)
[----------] 1 test from IOUtils (2 ms total)

[----------] Global test environment tear-down
[==========] 1 test from 1 test suite ran. (2 ms total)
[  PASSED  ] 1 test.
<end of output>
Test time =   0.15 sec
----------------------------------------------------------
Test Passed.
"IOUtils.CanReadSimpleSTL" end time: Oct 15 19:14 EDT
"IOUtils.CanReadSimpleSTL" time elapsed: 00:00:00
----------------------------------------------------------

End testing: Oct 15 19:14 EDT
